\BOOKMARK [1][-]{section*.1}{\376\377\000I\000n\000t\000r\000o\000d\000u\000c\000t\000i\000o\000n}{}% 1
\BOOKMARK [2][-]{subsection.1.1}{\376\377\000P\000r\000o\000b\000l\000e\000m\000\040\000S\000t\000a\000t\000e\000m\000e\000n\000t}{section*.1}% 2
\BOOKMARK [2][-]{subsection.1.2}{\376\377\000R\000a\000t\000i\000o\000n\000a\000l\000e}{section*.1}% 3
\BOOKMARK [2][-]{subsection.1.3}{\376\377\000P\000r\000o\000j\000e\000c\000t\000\040\000A\000i\000m\000s\000\040\000a\000n\000d\000\040\000O\000b\000j\000e\000c\000t\000i\000v\000e\000s}{section*.1}% 4
\BOOKMARK [1][-]{section*.2}{\376\377\000M\000e\000t\000h\000o\000d\000o\000l\000o\000g\000y}{}% 5
\BOOKMARK [2][-]{subsection.2.1}{\376\377\000M\000o\000d\000e\000l\000s}{section*.2}% 6
\BOOKMARK [3][-]{subsubsection.2.1.1}{\376\377\000L\000i\000n\000e\000a\000r\000\040\000R\000e\000g\000r\000e\000s\000s\000i\000o\000n\000\040\000\050\000R\000i\000d\000g\000e\000\051}{subsection.2.1}% 7
\BOOKMARK [3][-]{subsubsection.2.1.2}{\376\377\000G\000r\000a\000d\000i\000e\000n\000t\000\040\000B\000o\000o\000s\000t\000i\000n\000g\000\040\000D\000e\000c\000i\000s\000i\000o\000n\000\040\000T\000r\000e\000e\000s}{subsection.2.1}% 8
\BOOKMARK [2][-]{subsection.2.2}{\376\377\000G\000r\000i\000d\000\040\000S\000e\000a\000r\000c\000h}{section*.2}% 9
\BOOKMARK [2][-]{subsection.2.3}{\376\377\000M\000e\000t\000r\000i\000c\000s}{section*.2}% 10
\BOOKMARK [1][-]{section*.5}{\376\377\000R\000e\000s\000u\000l\000t\000s}{}% 11
\BOOKMARK [1][-]{section*.6}{\376\377\000C\000o\000n\000c\000l\000u\000s\000i\000o\000n}{}% 12
\BOOKMARK [2][-]{subsection.4.1}{\376\377\000C\000o\000n\000c\000l\000u\000s\000i\000o\000n}{section*.6}% 13
\BOOKMARK [2][-]{subsection.4.2}{\376\377\000D\000i\000s\000c\000u\000s\000s\000i\000o\000n}{section*.6}% 14
\BOOKMARK [2][-]{subsection.4.3}{\376\377\000P\000r\000o\000j\000e\000c\000t\000\040\000L\000i\000m\000i\000t\000a\000t\000i\000o\000n\000s\000\040\000a\000n\000d\000\040\000C\000a\000v\000e\000a\000t\000s}{section*.6}% 15
\BOOKMARK [2][-]{subsection.4.4}{\376\377\000S\000t\000a\000k\000e\000h\000o\000l\000d\000e\000r\000\040\000A\000n\000a\000l\000y\000s\000i\000s\000\040\000a\000n\000d\000\040\000P\000r\000o\000j\000e\000c\000t\000\040\000O\000u\000t\000c\000o\000m\000e\000s}{section*.6}% 16
\BOOKMARK [1][-]{section*.7}{\376\377\000R\000e\000f\000e\000r\000e\000n\000c\000e\000s}{}% 17
\BOOKMARK [1][-]{section*.8}{\376\377\000A\000p\000p\000e\000n\000d\000i\000c\000e\000s}{}% 18
\BOOKMARK [2][-]{subsection.4.5}{\376\377\000E\000x\000p\000l\000o\000r\000a\000t\000o\000r\000y\000\040\000D\000a\000t\000a\000\040\000A\000n\000a\000l\000y\000s\000i\000s}{section*.8}% 19
\BOOKMARK [3][-]{subsubsection.4.5.1}{\376\377\000G\000e\000n\000e\000r\000a\000l\000\040\000E\000x\000p\000l\000o\000r\000a\000t\000i\000o\000n}{subsection.4.5}% 20
\BOOKMARK [3][-]{subsubsection.4.5.2}{\376\377\000D\000o\000e\000s\000\040\000t\000e\000m\000p\000e\000r\000a\000t\000u\000r\000e\000\040\000h\000a\000v\000e\000\040\000a\000\040\000n\000o\000n\000-\000l\000i\000n\000e\000a\000r\000\040\000r\000e\000l\000a\000t\000i\000o\000n\000s\000h\000i\000p\000\040\000w\000i\000t\000h\000\040\000N\000S\000W\000\040\000g\000r\000i\000d\000\040\000d\000e\000m\000a\000n\000d\000\040\000a\000c\000r\000o\000s\000s\000\040\0002\000\260\000C\000\040\000b\000i\000n\000s\000?}{subsection.4.5}% 21
\BOOKMARK [3][-]{subsubsection.4.5.3}{\376\377\000D\000o\000\040\000m\000e\000a\000n\000\040\000h\000o\000u\000r\000l\000y\000\040\000d\000e\000m\000a\000n\000d\000\040\000p\000r\000o\000f\000i\000l\000e\000s\000\040\000d\000i\000f\000f\000e\000r\000\040\000b\000e\000t\000w\000e\000e\000n\000\040\000w\000e\000e\000k\000d\000a\000y\000s\000,\000\040\000w\000e\000e\000k\000e\000n\000d\000s\000,\000\040\000a\000n\000d\000\040\000p\000u\000b\000l\000i\000c\000\040\000h\000o\000l\000i\000d\000a\000y\000s\000?}{subsection.4.5}% 22
\BOOKMARK [3][-]{subsubsection.4.5.4}{\376\377\000C\000a\000n\000\040\000a\000n\000\040\000e\000n\000s\000e\000m\000b\000l\000e\000\040\000r\000e\000g\000r\000e\000s\000s\000i\000o\000n\000\040\000m\000o\000d\000e\000l\000\040\000p\000r\000e\000d\000i\000c\000t\000\040\0003\0000\000-\000m\000i\000n\000u\000t\000e\000\040\000N\000S\000W\000\040\000g\000r\000i\000d\000\040\000d\000e\000m\000a\000n\000d\000\040\000w\000i\000t\000h\000\040\000M\000A\000P\000E\000\040\000b\000e\000l\000o\000w\000\040\0005\000\045\000?}{subsection.4.5}% 23
\BOOKMARK [2][-]{subsection.4.6}{\376\377\000M\000o\000d\000e\000l\000l\000i\000n\000g\000\040\000C\000o\000d\000e}{section*.8}% 24
